10000 2560 31764
20000 2212 39050
30000 2540 63310
40000 3405 75528
50000 4176 90892
60000 5006 112386
70000 6186 128954
80000 6893 149645
90000 7614 169049
100000 8534 182610
110000 9268 200718
120000 10250 222376
130000 10886 240944
140000 12317 258676
150000 13111 275613
160000 13898 292909
170000 14728 310519
180000 15483 331884
190000 16277 347219
200000 17074 367980
210000 17817 385811
220000 18522 402535
230000 19474 427758
240000 20123 473867
250000 20885 471738
260000 21620 495900
270000 23882 530084
280000 24508 527989
290000 25431 543451
300000 26053 555218
310000 27292 577323
320000 27688 599090
330000 28572 610038
340000 29271 625141
350000 30100 652905
360000 30757 667869
370000 31616 682988
380000 32274 696688
390000 33280 716178
400000 33835 733308
410000 34837 757486
420000 35618 776025
430000 36529 792815
440000 37330 813396
450000 38090 843376
460000 38731 870669
470000 39645 889987
480000 40094 913053
490000 41265 927431
500000 41718 945766
510000 42966 971084
520000 43229 984268
530000 48264 1008194
540000 47409 1026755
550000 48773 1038340
560000 49195 1060315
570000 50383 1073655
580000 50796 1092372
590000 52734 1116198
600000 52319 1130548
610000 53573 1145069
620000 57065 1223766
630000 56311 1216264
640000 55568 1202328
650000 56755 1218424
660000 57206 1237269
670000 58600 1260211
680000 58700 1269614
690000 60595 1299145
700000 60764 1361031
710000 61490 1323811
720000 61997 1344712
730000 64098 1385335
740000 63914 1384972
750000 64727 1399064
760000 65704 1438036
770000 66635 1438166
780000 66944 1460174
790000 68706 1478047
800000 68405 1490365
810000 69610 1515260
820000 70066 1527872
830000 71357 1549720
840000 72534 1568298
850000 72842 1588181
860000 73686 1607097
870000 74302 1629446
880000 75625 1659538
890000 75960 1672118
900000 76657 1697394
910000 77377 1732773
920000 78666 1768481
930000 80018 1789692
940000 79455 1809076
950000 81491 1839215
960000 81266 1848659
970000 82885 1877532
980000 83073 1891742
990000 84985 1910068
1000000 85544 1929857
